Ducks ONLY BITCH! [general]: 2018-12-24[22:42:07]: RandomDucks#1750(RandomDucks): sadas
Ducks ONLY BITCH! [general]: 2018-12-24[22:51:39]: RandomDucks#1750(RandomDucks): sweeshiash
Ducks ONLY BITCH! [general]: 2018-12-24[22:55:17]: RandomDucks#1750(RandomDucks): sadasd
Ducks ONLY BITCH! [general]: 2018-12-24[23:00:46]: RandomDucks#1750(RandomDucks): asd
Ducks ONLY BITCH! [general]: 2019-01-24[13:28:52]: RandomDucks#1750(RandomDucks): 
Ducks ONLY BITCH! [general]: 2019-01-24[13:29:00]: RandomDucks#1750(RandomDucks): 
Ducks ONLY BITCH! [general]: 2019-01-24[13:29:19]: RandomDucks#1750(RandomDucks): 
Ducks ONLY BITCH! [general]: 2019-01-24[13:29:40]: RandomDucks#1750(RandomDucks): 
Ducks ONLY BITCH! [general]: 2019-01-24[13:33:06]: RandomDucks#1750(RandomDucks): 
Ducks ONLY BITCH! [general]: 2019-01-24[13:33:42]: RandomDucks#1750(RandomDucks): 
Ducks ONLY BITCH! [general]: 2019-01-24[13:36:13]: RandomDucks#1750(RandomDucks): 
Ducks ONLY BITCH! [general]: 2019-01-24[13:36:37]: RandomDucks#1750(RandomDucks): 
Ducks ONLY BITCH! [general]: 2019-01-24[13:51:54]: RandomDucks#1750(RandomDucks): 
Ducks ONLY BITCH! [general]: 2019-01-24[15:04:49]: RandomDucks#1750(RandomDucks): 
Ducks ONLY BITCH! [general]: 2019-01-31[11:46:12]: RandomDucks#1750(RandomDucks): 
Ducks ONLY BITCH! [general]: 2019-01-31[11:49:24]: RandomDucks#1750(RandomDucks): 
Ducks ONLY BITCH! [general]: 2019-01-31[12:44:27]: RandomDucks#1750(RandomDucks): https://www.youtube.com/watch?v=ztAMEcdxR3w
Ducks ONLY BITCH! [general]: 2019-01-31[12:44:44]: RandomDucks#1750(RandomDucks): https://www.youtube.com/watch?v=ztAMEcdxR3w
Ducks ONLY BITCH! [general]: 2019-01-31[12:44:58]: RandomDucks#1750(RandomDucks): https://www.youtube.com/watch?v=ztAMEcdxR3w
Ducks ONLY BITCH! [general]: 2019-01-31[13:03:41]: RandomDucks#1750(RandomDucks): https://www.youtube.com/watch?v=ztAMEcdxR3w
Ducks ONLY BITCH! [general]: 2019-01-31[13:07:47]: RandomDucks#1750(RandomDucks): https://www.youtube.com/watch?v=ztAMEcdxR3w
